<?xml version="1.0" encoding="UTF-8"?>
<testng-results ignored="0" total="2" passed="2" failed="0" skipped="0">
  <reporter-output>
  </reporter-output>
  <suite started-at="2024-12-22T01:44:41 IST" name="Default suite" finished-at="2024-12-22T01:44:50 IST" duration-ms="9642">
    <groups>
    </groups>
    <test started-at="2024-12-22T01:44:41 IST" name="Default test" finished-at="2024-12-22T01:44:50 IST" duration-ms="9642">
      <class name="test.SeleniumDemo3.TestCases">
        <test-method is-config="true" signature="beforTest()[pri:0, instance:test.SeleniumDemo3.TestCases@61322f9d]" started-at="2024-12-22T01:44:41 IST" name="beforTest" finished-at="2024-12-22T01:44:44 IST" duration-ms="3239" status="PASS">
          <reporter-output>
          </reporter-output>
        </test-method> <!-- beforTest -->
        <test-method signature="test1()[pri:0, instance:test.SeleniumDemo3.TestCases@61322f9d]" started-at="2024-12-22T01:44:44 IST" name="test1" finished-at="2024-12-22T01:44:47 IST" duration-ms="3168" status="PASS">
          <reporter-output>
          </reporter-output>
        </test-method> <!-- test1 -->
        <test-method signature="test2()[pri:0, instance:test.SeleniumDemo3.TestCases@61322f9d]" started-at="2024-12-22T01:44:47 IST" name="test2" finished-at="2024-12-22T01:44:50 IST" duration-ms="3127" status="PASS">
          <reporter-output>
          </reporter-output>
        </test-method> <!-- test2 -->
        <test-method is-config="true" signature="closeTest()[pri:0, instance:test.SeleniumDemo3.TestCases@61322f9d]" started-at="2024-12-22T01:44:50 IST" name="closeTest" finished-at="2024-12-22T01:44:50 IST" duration-ms="83" status="PASS">
          <reporter-output>
          </reporter-output>
        </test-method> <!-- closeTest -->
      </class> <!-- test.SeleniumDemo3.TestCases -->
    </test> <!-- Default test -->
  </suite> <!-- Default suite -->
</testng-results>
